<?xml version="1.0" encoding="UTF-8"?>
<!-- Generated by org.testng.reporters.JUnitReportReporter -->
<testsuite hostname="DESKTOP-1D3CBA8" failures="0" tests="1" name="testcaselibrary.Test_whatweservelib" time="42.554" errors="0" timestamp="2023-05-01T18:53:18 IST" skipped="0">
  <testcase classname="testcaselibrary.Test_whatweservelib" name="whatweserve" time="42.554"/>
  <system-out/>
</testsuite> <!-- testcaselibrary.Test_whatweservelib -->
