<?xml version="1.0" encoding="UTF-8"?>
<!-- Generated by org.testng.reporters.JUnitReportReporter -->
<testsuite hostname="DESKTOP-1D3CBA8" failures="0" tests="1" name="testcaselibrary.Test_whatwearelib" time="6.247" errors="0" timestamp="2023-05-01T18:53:18 IST" skipped="0">
  <testcase classname="testcaselibrary.Test_whatwearelib" name="whatweare" time="6.247"/>
  <system-out/>
</testsuite> <!-- testcaselibrary.Test_whatwearelib -->
